<testsuite name="Mocha Tests" tests="2" failures="1" errors="1" skipped="0" timestamp="Tue, 16 Feb 2016 09:41:22 GMT" time="0.057">
<testcase classname="Theme #constructor" name="constructor name equals a" time="0.001"/>
<testcase classname="Theme #addTheme" name="" time="0.022"><failure><![CDATA[Cannot read property 'name' of null
TypeError: Cannot read property 'name' of null
    at Context.&lt;anonymous&gt; (D:\Bestanden\IntegratieProject\Kandoe\test\theme.js:19:37)
    at callFn (D:\Bestanden\IntegratieProject\Kandoe\node_modules\mocha\lib\runnable.js:315:21)
    at Test.Runnable.run (D:\Bestanden\IntegratieProject\Kandoe\node_modules\mocha\lib\runnable.js:308:7)
    at Runner.runTest (D:\Bestanden\IntegratieProject\Kandoe\node_modules\mocha\lib\runner.js:422:10)
    at D:\Bestanden\IntegratieProject\Kandoe\node_modules\mocha\lib\runner.js:533:12
    at next (D:\Bestanden\IntegratieProject\Kandoe\node_modules\mocha\lib\runner.js:342:14)
    at D:\Bestanden\IntegratieProject\Kandoe\node_modules\mocha\lib\runner.js:352:7
    at next (D:\Bestanden\IntegratieProject\Kandoe\node_modules\mocha\lib\runner.js:284:14)
    at Immediate._onImmediate (D:\Bestanden\IntegratieProject\Kandoe\node_modules\mocha\lib\runner.js:320:5)]]></failure></testcase>
</testsuite>
