<testsuite name="Mocha Tests" tests="1" failures="0" errors="0" skipped="0" timestamp="Mon, 15 Feb 2016 14:03:51 GMT" time="0.004">
<testcase classname="Array #indexOf()" name="should return -1 when the value is not present" time="0"/>
</testsuite>
