<testsuite name="Mocha Tests" tests="2" failures="0" errors="0" skipped="0" timestamp="Mon, 15 Feb 2016 15:25:31 GMT" time="0.023">
<testcase classname="Array #indexOf()" name="should return -1 when the value is not present" time="0.001"/>
<testcase classname="Theme #constructor" name="constructor name equals a" time="0.001"/>
</testsuite>
